2017-03-22 02:08:07 [::1][-][-][warning][yii\log\Dispatcher::dispatch] Unable to send log via yii\debug\LogTarget: Exception (Invalid Configuration) 'yii\base\InvalidConfigException' with message 'The directory does not exist: /opt/lampp/htdocs/cashback/backend/web/assets' 

in /opt/lampp/htdocs/cashback/vendor/yiisoft/yii2/web/AssetManager.php:213

Stack trace:
#0 /opt/lampp/htdocs/cashback/vendor/yiisoft/yii2/base/Object.php(107): yii\web\AssetManager->init()
#1 [internal function]: yii\base\Object->__construct(Array)
#2 /opt/lampp/htdocs/cashback/vendor/yiisoft/yii2/di/Container.php(375): ReflectionClass->newInstanceArgs(Array)
#3 /opt/lampp/htdocs/cashback/vendor/yiisoft/yii2/di/Container.php(156): yii\di\Container->build('yii\\web\\AssetMa...', Array, Array)
#4 /opt/lampp/htdocs/cashback/vendor/yiisoft/yii2/BaseYii.php(344): yii\di\Container->get('yii\\web\\AssetMa...', Array, Array)
#5 /opt/lampp/htdocs/cashback/vendor/yiisoft/yii2/di/ServiceLocator.php(135): yii\BaseYii::createObject(Array)
#6 /opt/lampp/htdocs/cashback/vendor/yiisoft/yii2/base/Application.php(605): yii\di\ServiceLocator->get('assetManager')
#7 /opt/lampp/htdocs/cashback/vendor/yiisoft/yii2/web/View.php(225): yii\base\Application->getAssetManager()
#8 /opt/lampp/htdocs/cashback/vendor/yiisoft/yii2/base/Component.php(132): yii\web\View->getAssetManager()
#9 /opt/lampp/htdocs/cashback/vendor/yiisoft/yii2-debug/panels/AssetPanel.php(53): yii\base\Component->__get('assetManager')
#10 /opt/lampp/htdocs/cashback/vendor/yiisoft/yii2-debug/LogTarget.php(54): yii\debug\panels\AssetPanel->save()
#11 /opt/lampp/htdocs/cashback/vendor/yiisoft/yii2-debug/LogTarget.php(118): yii\debug\LogTarget->export()
#12 /opt/lampp/htdocs/cashback/vendor/yiisoft/yii2/log/Dispatcher.php(188): yii\debug\LogTarget->collect(Array, true)
#13 /opt/lampp/htdocs/cashback/vendor/yiisoft/yii2/log/Logger.php(177): yii\log\Dispatcher->dispatch(Array, true)
#14 [internal function]: yii\log\Logger->flush(true)
#15 {main}
2017-03-22 02:08:07 [::1][-][-][info][application] $_COOKIE = [
    '__utma' => '111872281.348099296.1485728603.1485822909.1485922939.3'
    '__utmz' => '111872281.1485728603.1.1.utmcsr=(direct)|utmccn=(direct)|utmcmd=(none)'
]

$_SESSION = [
    '__flash' => []
    '__returnUrl' => '/cashback/backend/web/'
]

$_SERVER = [
    'UNIQUE_ID' => 'WNHOd38AAQEAABFrNxsAAAAB'
    'HTTP_HOST' => 'localhost'
    'HTTP_CONNECTION' => 'keep-alive'
    'HTTP_UPGRADE_INSECURE_REQUESTS' => '1'
    'HTTP_USER_AGENT' => 'Mozilla/5.0 (X11; Linux x86_64) AppleWebKit/537.36 (KHTML, like Gecko) Chrome/51.0.2704.106 Safari/537.36'
    'HTTP_ACCEPT' => 'text/html,application/xhtml+xml,application/xml;q=0.9,image/webp,*/*;q=0.8'
    'HTTP_ACCEPT_ENCODING' => 'gzip, deflate, sdch'
    'HTTP_ACCEPT_LANGUAGE' => 'pt-BR,pt;q=0.8,en-US;q=0.6,en;q=0.4'
    'HTTP_COOKIE' => '__utma=111872281.348099296.1485728603.1485822909.1485922939.3; __utmz=111872281.1485728603.1.1.utmcsr=(direct)|utmccn=(direct)|utmcmd=(none)'
    'PATH' => '/usr/local/sbin:/usr/local/bin:/usr/sbin:/usr/bin:/sbin:/bin:/snap/bin'
    'LD_LIBRARY_PATH' => '/opt/lampp/lib:/opt/lampp/lib'
    'SERVER_SIGNATURE' => ''
    'SERVER_SOFTWARE' => 'Apache/2.4.23 (Unix) OpenSSL/1.0.2h PHP/5.5.38 mod_perl/2.0.8-dev Perl/v5.16.3'
    'SERVER_NAME' => 'localhost'
    'SERVER_ADDR' => '::1'
    'SERVER_PORT' => '80'
    'REMOTE_ADDR' => '::1'
    'DOCUMENT_ROOT' => '/opt/lampp/htdocs'
    'REQUEST_SCHEME' => 'http'
    'CONTEXT_PREFIX' => ''
    'CONTEXT_DOCUMENT_ROOT' => '/opt/lampp/htdocs'
    'SERVER_ADMIN' => 'you@example.com'
    'SCRIPT_FILENAME' => '/opt/lampp/htdocs/cashback/backend/web/index.php'
    'REMOTE_PORT' => '47244'
    'GATEWAY_INTERFACE' => 'CGI/1.1'
    'SERVER_PROTOCOL' => 'HTTP/1.1'
    'REQUEST_METHOD' => 'GET'
    'QUERY_STRING' => ''
    'REQUEST_URI' => '/cashback/backend/web/'
    'SCRIPT_NAME' => '/cashback/backend/web/index.php'
    'PHP_SELF' => '/cashback/backend/web/index.php'
    'REQUEST_TIME_FLOAT' => 1490144887.324
    'REQUEST_TIME' => 1490144887
]
2017-03-22 02:08:07 [::1][-][mo938igqiu878bvcme3tb7bb30][error][yii\base\ErrorException:256] exception 'yii\base\ErrorException' with message 'Exception (Invalid Configuration) 'yii\base\InvalidConfigException' with message 'The directory does not exist: /opt/lampp/htdocs/cashback/backend/web/assets' 

in /opt/lampp/htdocs/cashback/vendor/yiisoft/yii2/web/AssetManager.php:213

Stack trace:
#0 /opt/lampp/htdocs/cashback/vendor/yiisoft/yii2/base/Object.php(107): yii\web\AssetManager->init()
#1 [internal function]: yii\base\Object->__construct(Array)
#2 /opt/lampp/htdocs/cashback/vendor/yiisoft/yii2/di/Container.php(375): ReflectionClass->newInstanceArgs(Array)
#3 /opt/lampp/htdocs/cashback/vendor/yiisoft/yii2/di/Container.php(156): yii\di\Container->build('yii\\web\\AssetMa...', Array, Array)
#4 /opt/lampp/htdocs/cashback/vendor/yiisoft/yii2/BaseYii.php(344): yii\di\Container->get('yii\\web\\AssetMa...', Array, Array)
#5 /opt/lampp/htdocs/cashback/vendor/yiisoft/yii2/di/ServiceLocator.php(135): yii\BaseYii::createObject(Array)
#6 /opt/lampp/htdocs/cashback/vendor/yiisoft/yii2/base/Application.php(605): yii\di\ServiceLocator->get('assetManager')
#7 /opt/lampp/htdocs/cashback/vendor/yiisoft/yii2/web/View.php(225): yii\base\Application->getAssetManager()
#8 /opt/lampp/htdocs/cashback/vendor/yiisoft/yii2/web/View.php(285): yii\web\View->getAssetManager()
#9 /opt/lampp/htdocs/cashback/vendor/yiisoft/yii2/web/AssetBundle.php(125): yii\web\View->registerAssetBundle('yii\\validators\\...')
#10 /opt/lampp/htdocs/cashback/vendor/yiisoft/yii2/validators/RequiredValidator.php(91): yii\web\AssetBundle::register(Object(yii\web\View))
#11 /opt/lampp/htdocs/cashback/vendor/yiisoft/yii2/widgets/ActiveField.php(763): yii\validators\RequiredValidator->clientValidateAttribute(Object(common\models\LoginForm), 'username', Object(yii\web\View))
#12 /opt/lampp/htdocs/cashback/vendor/yiisoft/yii2/widgets/ActiveField.php(230): yii\widgets\ActiveField->getClientOptions()
#13 /opt/lampp/htdocs/cashback/vendor/yiisoft/yii2/widgets/ActiveField.php(220): yii\widgets\ActiveField->begin()
#14 /opt/lampp/htdocs/cashback/vendor/yiisoft/yii2-bootstrap/ActiveField.php(187): yii\widgets\ActiveField->render(NULL)
#15 /opt/lampp/htdocs/cashback/vendor/yiisoft/yii2/widgets/ActiveField.php(176): yii\bootstrap\ActiveField->render()
#16 /opt/lampp/htdocs/cashback/backend/views/site/login.php(22): yii\widgets\ActiveField->__toString()
#17 /opt/lampp/htdocs/cashback/vendor/yiisoft/yii2/base/View.php(328): require('/opt/lampp/htdo...')
#18 /opt/lampp/htdocs/cashback/vendor/yiisoft/yii2/base/View.php(250): yii\base\View->renderPhpFile('/opt/lampp/htdo...', Array)
#19 /opt/lampp/htdocs/cashback/vendor/yiisoft/yii2/base/View.php(152): yii\base\View->renderFile('/opt/lampp/htdo...', Array, Object(backend\controllers\SiteController))
#20 /opt/lampp/htdocs/cashback/vendor/yiisoft/yii2/base/Controller.php(381): yii\base\View->render('login', Array, Object(backend\controllers\SiteController))
#21 /opt/lampp/htdocs/cashback/backend/controllers/SiteController.php(83): yii\base\Controller->render('login', Array)
#22 [internal function]: backend\controllers\SiteController->actionLogin()
#23 /opt/lampp/htdocs/cashback/vendor/yiisoft/yii2/base/InlineAction.php(57): call_user_func_array(Array, Array)
#24 /opt/lampp/htdocs/cashback/vendor/yiisoft/yii2/base/Controller.php(156): yii\base\InlineAction->runWithParams(Array)
#25 /opt/lampp/htdocs/cashback/vendor/yiisoft/yii2/base/Module.php(523): yii\base\Controller->runAction('login', Array)
#26 /opt/lampp/htdocs/cashback/vendor/yiisoft/yii2/web/Application.php(102): yii\base\Module->runAction('site/login', Array)
#27 /opt/lampp/htdocs/cashback/vendor/yiisoft/yii2/base/Application.php(380): yii\web\Application->handleRequest(Object(yii\web\Request))
#28 /opt/lampp/htdocs/cashback/backend/web/index.php(17): yii\base\Application->run()
#29 {main}' in /opt/lampp/htdocs/cashback/vendor/yiisoft/yii2/base/ErrorHandler.php:314
Stack trace:
#0 /opt/lampp/htdocs/cashback/vendor/yiisoft/yii2/widgets/ActiveField.php(178): yii\base\ErrorHandler::convertExceptionToError()
#1 /opt/lampp/htdocs/cashback/vendor/yiisoft/yii2/base/View.php(22): yii\widgets\ActiveField->__toString()
#2 /opt/lampp/htdocs/cashback/vendor/yiisoft/yii2/base/View.php(328): ::unknown()
#3 /opt/lampp/htdocs/cashback/vendor/yiisoft/yii2/base/View.php(250): yii\base\View->renderPhpFile()
#4 /opt/lampp/htdocs/cashback/vendor/yiisoft/yii2/base/View.php(152): yii\base\View->renderFile()
#5 /opt/lampp/htdocs/cashback/vendor/yiisoft/yii2/base/Controller.php(381): yii\base\View->render()
#6 /opt/lampp/htdocs/cashback/backend/controllers/SiteController.php(83): yii\base\Controller->render()
#7 /opt/lampp/htdocs/cashback/vendor/yiisoft/yii2/base/InlineAction.php(57): backend\controllers\SiteController->actionLogin()
#8 /opt/lampp/htdocs/cashback/vendor/yiisoft/yii2/base/InlineAction.php(57): ::call_user_func_array:{/opt/lampp/htdocs/cashback/vendor/yiisoft/yii2/base/InlineAction.php:57}()
#9 /opt/lampp/htdocs/cashback/vendor/yiisoft/yii2/base/Controller.php(156): yii\base\InlineAction->runWithParams()
#10 /opt/lampp/htdocs/cashback/vendor/yiisoft/yii2/base/Module.php(523): yii\base\Controller->runAction()
#11 /opt/lampp/htdocs/cashback/vendor/yiisoft/yii2/web/Application.php(102): yii\base\Module->runAction()
#12 /opt/lampp/htdocs/cashback/vendor/yiisoft/yii2/base/Application.php(380): yii\web\Application->handleRequest()
#13 /opt/lampp/htdocs/cashback/backend/web/index.php(17): yii\base\Application->run()
#14 {main}
    in /opt/lampp/htdocs/cashback/backend/views/site/login.php:22
    in /opt/lampp/htdocs/cashback/backend/controllers/SiteController.php:83
2017-03-22 02:08:07 [::1][-][mo938igqiu878bvcme3tb7bb30][info][application] $_GET = [
    'r' => 'site/login'
]

$_COOKIE = [
    '__utma' => '111872281.348099296.1485728603.1485822909.1485922939.3'
    '__utmz' => '111872281.1485728603.1.1.utmcsr=(direct)|utmccn=(direct)|utmcmd=(none)'
    'advanced-backend' => 'mo938igqiu878bvcme3tb7bb30'
]

$_SESSION = [
    '__flash' => []
    '__returnUrl' => '/cashback/backend/web/'
]

$_SERVER = [
    'UNIQUE_ID' => 'WNHOd38AAQEAABFrNxwAAAAB'
    'HTTP_HOST' => 'localhost'
    'HTTP_CONNECTION' => 'keep-alive'
    'HTTP_UPGRADE_INSECURE_REQUESTS' => '1'
    'HTTP_USER_AGENT' => 'Mozilla/5.0 (X11; Linux x86_64) AppleWebKit/537.36 (KHTML, like Gecko) Chrome/51.0.2704.106 Safari/537.36'
    'HTTP_ACCEPT' => 'text/html,application/xhtml+xml,application/xml;q=0.9,image/webp,*/*;q=0.8'
    'HTTP_ACCEPT_ENCODING' => 'gzip, deflate, sdch'
    'HTTP_ACCEPT_LANGUAGE' => 'pt-BR,pt;q=0.8,en-US;q=0.6,en;q=0.4'
    'HTTP_COOKIE' => '__utma=111872281.348099296.1485728603.1485822909.1485922939.3; __utmz=111872281.1485728603.1.1.utmcsr=(direct)|utmccn=(direct)|utmcmd=(none); advanced-backend=mo938igqiu878bvcme3tb7bb30'
    'PATH' => '/usr/local/sbin:/usr/local/bin:/usr/sbin:/usr/bin:/sbin:/bin:/snap/bin'
    'LD_LIBRARY_PATH' => '/opt/lampp/lib:/opt/lampp/lib'
    'SERVER_SIGNATURE' => ''
    'SERVER_SOFTWARE' => 'Apache/2.4.23 (Unix) OpenSSL/1.0.2h PHP/5.5.38 mod_perl/2.0.8-dev Perl/v5.16.3'
    'SERVER_NAME' => 'localhost'
    'SERVER_ADDR' => '::1'
    'SERVER_PORT' => '80'
    'REMOTE_ADDR' => '::1'
    'DOCUMENT_ROOT' => '/opt/lampp/htdocs'
    'REQUEST_SCHEME' => 'http'
    'CONTEXT_PREFIX' => ''
    'CONTEXT_DOCUMENT_ROOT' => '/opt/lampp/htdocs'
    'SERVER_ADMIN' => 'you@example.com'
    'SCRIPT_FILENAME' => '/opt/lampp/htdocs/cashback/backend/web/index.php'
    'REMOTE_PORT' => '47244'
    'GATEWAY_INTERFACE' => 'CGI/1.1'
    'SERVER_PROTOCOL' => 'HTTP/1.1'
    'REQUEST_METHOD' => 'GET'
    'QUERY_STRING' => 'r=site%2Flogin'
    'REQUEST_URI' => '/cashback/backend/web/index.php?r=site%2Flogin'
    'SCRIPT_NAME' => '/cashback/backend/web/index.php'
    'PHP_SELF' => '/cashback/backend/web/index.php'
    'REQUEST_TIME_FLOAT' => 1490144887.425
    'REQUEST_TIME' => 1490144887
]
2017-03-22 02:08:07 [::1][-][mo938igqiu878bvcme3tb7bb30][warning][yii\log\Dispatcher::dispatch] Unable to send log via yii\debug\LogTarget: Exception (Invalid Configuration) 'yii\base\InvalidConfigException' with message 'The directory does not exist: /opt/lampp/htdocs/cashback/backend/web/assets' 

in /opt/lampp/htdocs/cashback/vendor/yiisoft/yii2/web/AssetManager.php:213

Stack trace:
#0 /opt/lampp/htdocs/cashback/vendor/yiisoft/yii2/base/Object.php(107): yii\web\AssetManager->init()
#1 [internal function]: yii\base\Object->__construct(Array)
#2 /opt/lampp/htdocs/cashback/vendor/yiisoft/yii2/di/Container.php(375): ReflectionClass->newInstanceArgs(Array)
#3 /opt/lampp/htdocs/cashback/vendor/yiisoft/yii2/di/Container.php(156): yii\di\Container->build('yii\\web\\AssetMa...', Array, Array)
#4 /opt/lampp/htdocs/cashback/vendor/yiisoft/yii2/BaseYii.php(344): yii\di\Container->get('yii\\web\\AssetMa...', Array, Array)
#5 /opt/lampp/htdocs/cashback/vendor/yiisoft/yii2/di/ServiceLocator.php(135): yii\BaseYii::createObject(Array)
#6 /opt/lampp/htdocs/cashback/vendor/yiisoft/yii2/base/Application.php(605): yii\di\ServiceLocator->get('assetManager')
#7 /opt/lampp/htdocs/cashback/vendor/yiisoft/yii2/web/View.php(225): yii\base\Application->getAssetManager()
#8 /opt/lampp/htdocs/cashback/vendor/yiisoft/yii2/base/Component.php(132): yii\web\View->getAssetManager()
#9 /opt/lampp/htdocs/cashback/vendor/yiisoft/yii2-debug/panels/AssetPanel.php(53): yii\base\Component->__get('assetManager')
#10 /opt/lampp/htdocs/cashback/vendor/yiisoft/yii2-debug/LogTarget.php(54): yii\debug\panels\AssetPanel->save()
#11 /opt/lampp/htdocs/cashback/vendor/yiisoft/yii2-debug/LogTarget.php(118): yii\debug\LogTarget->export()
#12 /opt/lampp/htdocs/cashback/vendor/yiisoft/yii2/log/Dispatcher.php(188): yii\debug\LogTarget->collect(Array, true)
#13 /opt/lampp/htdocs/cashback/vendor/yiisoft/yii2/log/Logger.php(177): yii\log\Dispatcher->dispatch(Array, true)
#14 /opt/lampp/htdocs/cashback/vendor/yiisoft/yii2/base/ErrorHandler.php(113): yii\log\Logger->flush(true)
#15 /opt/lampp/htdocs/cashback/vendor/yiisoft/yii2/base/ErrorHandler.php(218): yii\base\ErrorHandler->handleException(Object(yii\base\ErrorException))
#16 [internal function]: yii\base\ErrorHandler->handleError(256, 'Exception (Inva...', '/opt/lampp/htdo...', 314, Array)
#17 /opt/lampp/htdocs/cashback/vendor/yiisoft/yii2/base/ErrorHandler.php(314): trigger_error('Exception (Inva...', 256)
#18 /opt/lampp/htdocs/cashback/vendor/yiisoft/yii2/widgets/ActiveField.php(178): yii\base\ErrorHandler::convertExceptionToError(Object(yii\base\InvalidConfigException))
#19 /opt/lampp/htdocs/cashback/backend/views/site/login.php(22): yii\widgets\ActiveField->__toString()
#20 /opt/lampp/htdocs/cashback/vendor/yiisoft/yii2/base/View.php(328): require('/opt/lampp/htdo...')
#21 /opt/lampp/htdocs/cashback/vendor/yiisoft/yii2/base/View.php(250): yii\base\View->renderPhpFile('/opt/lampp/htdo...', Array)
#22 /opt/lampp/htdocs/cashback/vendor/yiisoft/yii2/base/View.php(152): yii\base\View->renderFile('/opt/lampp/htdo...', Array, Object(backend\controllers\SiteController))
#23 /opt/lampp/htdocs/cashback/vendor/yiisoft/yii2/base/Controller.php(381): yii\base\View->render('login', Array, Object(backend\controllers\SiteController))
#24 /opt/lampp/htdocs/cashback/backend/controllers/SiteController.php(83): yii\base\Controller->render('login', Array)
#25 [internal function]: backend\controllers\SiteController->actionLogin()
#26 /opt/lampp/htdocs/cashback/vendor/yiisoft/yii2/base/InlineAction.php(57): call_user_func_array(Array, Array)
#27 /opt/lampp/htdocs/cashback/vendor/yiisoft/yii2/base/Controller.php(156): yii\base\InlineAction->runWithParams(Array)
#28 /opt/lampp/htdocs/cashback/vendor/yiisoft/yii2/base/Module.php(523): yii\base\Controller->runAction('login', Array)
#29 /opt/lampp/htdocs/cashback/vendor/yiisoft/yii2/web/Application.php(102): yii\base\Module->runAction('site/login', Array)
#30 /opt/lampp/htdocs/cashback/vendor/yiisoft/yii2/base/Application.php(380): yii\web\Application->handleRequest(Object(yii\web\Request))
#31 /opt/lampp/htdocs/cashback/backend/web/index.php(17): yii\base\Application->run()
#32 {main}
2017-03-22 02:08:07 [::1][-][mo938igqiu878bvcme3tb7bb30][info][application] $_GET = [
    'r' => 'site/login'
]

$_COOKIE = [
    '__utma' => '111872281.348099296.1485728603.1485822909.1485922939.3'
    '__utmz' => '111872281.1485728603.1.1.utmcsr=(direct)|utmccn=(direct)|utmcmd=(none)'
    'advanced-backend' => 'mo938igqiu878bvcme3tb7bb30'
]

$_SESSION = [
    '__flash' => []
    '__returnUrl' => '/cashback/backend/web/'
]

$_SERVER = [
    'UNIQUE_ID' => 'WNHOd38AAQEAABFrNxwAAAAB'
    'HTTP_HOST' => 'localhost'
    'HTTP_CONNECTION' => 'keep-alive'
    'HTTP_UPGRADE_INSECURE_REQUESTS' => '1'
    'HTTP_USER_AGENT' => 'Mozilla/5.0 (X11; Linux x86_64) AppleWebKit/537.36 (KHTML, like Gecko) Chrome/51.0.2704.106 Safari/537.36'
    'HTTP_ACCEPT' => 'text/html,application/xhtml+xml,application/xml;q=0.9,image/webp,*/*;q=0.8'
    'HTTP_ACCEPT_ENCODING' => 'gzip, deflate, sdch'
    'HTTP_ACCEPT_LANGUAGE' => 'pt-BR,pt;q=0.8,en-US;q=0.6,en;q=0.4'
    'HTTP_COOKIE' => '__utma=111872281.348099296.1485728603.1485822909.1485922939.3; __utmz=111872281.1485728603.1.1.utmcsr=(direct)|utmccn=(direct)|utmcmd=(none); advanced-backend=mo938igqiu878bvcme3tb7bb30'
    'PATH' => '/usr/local/sbin:/usr/local/bin:/usr/sbin:/usr/bin:/sbin:/bin:/snap/bin'
    'LD_LIBRARY_PATH' => '/opt/lampp/lib:/opt/lampp/lib'
    'SERVER_SIGNATURE' => ''
    'SERVER_SOFTWARE' => 'Apache/2.4.23 (Unix) OpenSSL/1.0.2h PHP/5.5.38 mod_perl/2.0.8-dev Perl/v5.16.3'
    'SERVER_NAME' => 'localhost'
    'SERVER_ADDR' => '::1'
    'SERVER_PORT' => '80'
    'REMOTE_ADDR' => '::1'
    'DOCUMENT_ROOT' => '/opt/lampp/htdocs'
    'REQUEST_SCHEME' => 'http'
    'CONTEXT_PREFIX' => ''
    'CONTEXT_DOCUMENT_ROOT' => '/opt/lampp/htdocs'
    'SERVER_ADMIN' => 'you@example.com'
    'SCRIPT_FILENAME' => '/opt/lampp/htdocs/cashback/backend/web/index.php'
    'REMOTE_PORT' => '47244'
    'GATEWAY_INTERFACE' => 'CGI/1.1'
    'SERVER_PROTOCOL' => 'HTTP/1.1'
    'REQUEST_METHOD' => 'GET'
    'QUERY_STRING' => 'r=site%2Flogin'
    'REQUEST_URI' => '/cashback/backend/web/index.php?r=site%2Flogin'
    'SCRIPT_NAME' => '/cashback/backend/web/index.php'
    'PHP_SELF' => '/cashback/backend/web/index.php'
    'REQUEST_TIME_FLOAT' => 1490144887.425
    'REQUEST_TIME' => 1490144887
]
